0 info it worked if it ends with ok
1 verbose cli [ '/Users/bjorn/.nvm/versions/node/v6.9.1/bin/node',
1 verbose cli   '/Users/bjorn/.nvm/versions/node/v6.9.1/bin/npm',
1 verbose cli   'run',
1 verbose cli   'lint:css' ]
2 info using npm@3.10.8
3 info using node@v6.9.1
4 verbose run-script [ 'prelint:css', 'lint:css', 'postlint:css' ]
5 info lifecycle styled-comp-test@0.1.0~prelint:css: styled-comp-test@0.1.0
6 silly lifecycle styled-comp-test@0.1.0~prelint:css: no script for prelint:css, continuing
7 info lifecycle styled-comp-test@0.1.0~lint:css: styled-comp-test@0.1.0
8 verbose lifecycle styled-comp-test@0.1.0~lint:css: unsafe-perm in lifecycle true
9 verbose lifecycle styled-comp-test@0.1.0~lint:css: PATH: /Users/bjorn/.nvm/versions/node/v6.9.1/lib/node_modules/npm/bin/node-gyp-bin:/Users/bjorn/projects/styled-comp-test/node_modules/.bin:/Users/bjorn/.yarn/bin:/Users/bjorn/tools/google-cloud-sdk/bin:/Users/bjorn/miniconda3/bin:/Users/bjorn/.cargo/bin:/usr/local/bin:/usr/bin:/bin:/usr/sbin:/sbin:/opt/X11/bin:/Library/TeX/texbin:/Users/bjorn/.nvm/versions/node/v6.9.1/bin
10 verbose lifecycle styled-comp-test@0.1.0~lint:css: CWD: /Users/bjorn/projects/styled-comp-test
11 silly lifecycle styled-comp-test@0.1.0~lint:css: Args: [ '-c', 'stylelint ./src/**/*.js' ]
12 silly lifecycle styled-comp-test@0.1.0~lint:css: Returned: code: 2  signal: null
13 info lifecycle styled-comp-test@0.1.0~lint:css: Failed to exec lint:css script
14 verbose stack Error: styled-comp-test@0.1.0 lint:css: `stylelint ./src/**/*.js`
14 verbose stack Exit status 2
14 verbose stack     at EventEmitter.<anonymous> (/Users/bjorn/.nvm/versions/node/v6.9.1/lib/node_modules/npm/lib/utils/lifecycle.js:255:16)
14 verbose stack     at emitTwo (events.js:106:13)
14 verbose stack     at EventEmitter.emit (events.js:191:7)
14 verbose stack     at ChildProcess.<anonymous> (/Users/bjorn/.nvm/versions/node/v6.9.1/lib/node_modules/npm/lib/utils/spawn.js:40:14)
14 verbose stack     at emitTwo (events.js:106:13)
14 verbose stack     at ChildProcess.emit (events.js:191:7)
14 verbose stack     at maybeClose (internal/child_process.js:877:16)
14 verbose stack     at Process.ChildProcess._handle.onexit (internal/child_process.js:226:5)
15 verbose pkgid styled-comp-test@0.1.0
16 verbose cwd /Users/bjorn/projects/styled-comp-test
17 error Darwin 15.6.0
18 error argv "/Users/bjorn/.nvm/versions/node/v6.9.1/bin/node" "/Users/bjorn/.nvm/versions/node/v6.9.1/bin/npm" "run" "lint:css"
19 error node v6.9.1
20 error npm  v3.10.8
21 error code ELIFECYCLE
22 error styled-comp-test@0.1.0 lint:css: `stylelint ./src/**/*.js`
22 error Exit status 2
23 error Failed at the styled-comp-test@0.1.0 lint:css script 'stylelint ./src/**/*.js'.
23 error Make sure you have the latest version of node.js and npm installed.
23 error If you do, this is most likely a problem with the styled-comp-test package,
23 error not with npm itself.
23 error Tell the author that this fails on your system:
23 error     stylelint ./src/**/*.js
23 error You can get information on how to open an issue for this project with:
23 error     npm bugs styled-comp-test
23 error Or if that isn't available, you can get their info via:
23 error     npm owner ls styled-comp-test
23 error There is likely additional logging output above.
24 verbose exit [ 1, true ]
